TN:
SF:lib\index.js
FN:2,(anonymous_0)
FN:6,(anonymous_1)
FN:7,ElapsedLogger
FN:10,(anonymous_3)
FN:15,(anonymous_4)
FN:19,(anonymous_5)
FN:42,(anonymous_6)
FN:43,SimpleTimeLogger
FN:46,(anonymous_8)
FN:55,(anonymous_9)
FN:64,(anonymous_10)
FNF:11
FNH:11
FNDA:4,(anonymous_0)
FNDA:4,(anonymous_1)
FNDA:10,ElapsedLogger
FNDA:2,(anonymous_3)
FNDA:7,(anonymous_4)
FNDA:9,(anonymous_5)
FNDA:4,(anonymous_6)
FNDA:4,SimpleTimeLogger
FNDA:10,(anonymous_8)
FNDA:3,(anonymous_9)
FNDA:4,(anonymous_10)
DA:2,4
DA:3,4
DA:5,4
DA:6,4
DA:8,10
DA:10,4
DA:11,2
DA:12,2
DA:13,2
DA:15,4
DA:16,7
DA:17,7
DA:19,4
DA:20,9
DA:21,9
DA:22,9
DA:23,9
DA:24,9
DA:25,9
DA:26,9
DA:27,1
DA:29,9
DA:30,2
DA:32,9
DA:33,6
DA:35,9
DA:36,1
DA:38,9
DA:40,4
DA:42,4
DA:44,4
DA:46,4
DA:47,10
DA:48,10
DA:49,10
DA:50,6
DA:52,4
DA:53,4
DA:55,4
DA:56,3
DA:57,3
DA:58,3
DA:59,1
DA:61,2
DA:62,2
DA:64,4
DA:65,4
DA:66,4
DA:67,1
DA:68,1
DA:70,3
DA:72,4
DA:74,4
LF:53
LH:53
BRDA:2,0,0,4
BRDA:2,0,1,4
BRDA:2,0,2,4
BRDA:3,1,0,0
BRDA:3,1,1,4
BRDA:3,2,0,4
BRDA:3,2,1,4
BRDA:11,3,0,1
BRDA:11,3,1,1
BRDA:13,4,0,1
BRDA:13,4,1,1
BRDA:26,5,0,1
BRDA:26,5,1,8
BRDA:29,6,0,2
BRDA:29,6,1,7
BRDA:32,7,0,6
BRDA:32,7,1,3
BRDA:35,8,0,1
BRDA:35,8,1,8
BRDA:35,9,0,9
BRDA:35,9,1,7
BRDA:35,9,2,7
BRDA:35,9,3,3
BRDA:47,10,0,6
BRDA:47,10,1,4
BRDA:49,11,0,6
BRDA:49,11,1,4
BRDA:56,12,0,2
BRDA:56,12,1,1
BRDA:58,13,0,1
BRDA:58,13,1,2
BRDA:61,14,0,2
BRDA:61,14,1,1
BRDA:66,15,0,1
BRDA:66,15,1,3
BRF:35
BRH:34
end_of_record
